<?xml version="1.0" encoding="UTF-8"?>
<!-- Generated by org.testng.reporters.JUnitReportReporter -->
<testsuite hostname="DESKTOP-FIG0BF1" failures="0" tests="1" name="restAPI.EndToEndTest" time="4.900" errors="0" timestamp="31 Dec 2022 07:50:24 GMT" skipped="0">
  <testcase classname="restAPI.EndToEndTest" name="test1" time="4.900"/>
</testsuite> <!-- restAPI.EndToEndTest -->
